-encoding
UTF-8
-outxml
-source
7
-target
7
-classpath
C:\Users\Marcelo\.m2\repository\antlr\antlr\2.7.6\antlr-2.7.6.jar;C:\Users\Marcelo\.m2\repository\aopalliance\aopalliance\1.0\aopalliance-1.0.jar;C:\Users\Marcelo\.m2\repository\cglib\cglib-nodep\2.2.2\cglib-nodep-2.2.2.jar;C:\Users\Marcelo\.m2\repository\com\sun\faces\jsf-api\2.1.2\jsf-api-2.1.2.jar;C:\Users\Marcelo\.m2\repository\com\sun\faces\jsf-impl\2.1.2\jsf-impl-2.1.2.jar;C:\Users\Marcelo\.m2\repository\commons-codec\commons-codec\1.6\commons-codec-1.6.jar;C:\Users\Marcelo\.m2\repository\commons-collections\commons-collections\3.2.1\commons-collections-3.2.1.jar;C:\Users\Marcelo\.m2\repository\commons-dbcp\commons-dbcp\1.3\commons-dbcp-1.3.jar;C:\Users\Marcelo\.m2\repository\commons-fileupload\commons-fileupload\1.2.2\commons-fileupload-1.2.2.jar;C:\Users\Marcelo\.m2\repository\commons-io\commons-io\2.1\commons-io-2.1.jar;C:\Users\Marcelo\.m2\repository\commons-pool\commons-pool\1.5.6\commons-pool-1.5.6.jar;C:\Users\Marcelo\.m2\repository\dom4j\dom4j\1.6.1\dom4j-1.6.1.jar;C:\Users\Marcelo\.m2\repository\javassist\javassist\3.12.0.GA\javassist-3.12.0.GA.jar;C:\Users\Marcelo\.m2\repository\javax\el\el-api\2.2\el-api-2.2.jar;C:\Users\Marcelo\.m2\repository\javax\servlet\servlet-api\2.5\servlet-api-2.5.jar;C:\Users\Marcelo\.m2\repository\javax\transaction\jta\1.1\jta-1.1.jar;C:\Users\Marcelo\.m2\repository\javax\validation\validation-api\1.0.0.GA\validation-api-1.0.0.GA.jar;C:\Users\Marcelo\.m2\repository\junit\junit\4.10\junit-4.10.jar;C:\Users\Marcelo\.m2\repository\log4j\log4j\1.2.16\log4j-1.2.16.jar;C:\Users\Marcelo\.m2\repository\net\sf\flexjson\flexjson\2.1\flexjson-2.1.jar;C:\Users\Marcelo\.m2\repository\org\apache\commons\commons-lang3\3.1\commons-lang3-3.1.jar;C:\Users\Marcelo\.m2\repository\org\aspectj\aspectjrt\1.7.0.RC1\aspectjrt-1.7.0.RC1.jar;C:\Users\Marcelo\.m2\repository\org\aspectj\aspectjweaver\1.7.0.RC1\aspectjweaver-1.7.0.RC1.jar;C:\Users\Marcelo\.m2\repository\org\hibernate\hibernate-commons-annotations\3.2.0.Final\hibernate-commons-annotations-3.2.0.Final.jar;C:\Users\Marcelo\.m2\repository\org\hibernate\hibernate-core\3.6.9.Final\hibernate-core-3.6.9.Final.jar;C:\Users\Marcelo\.m2\repository\org\hibernate\hibernate-entitymanager\3.6.9.Final\hibernate-entitymanager-3.6.9.Final.jar;C:\Users\Marcelo\.m2\repository\org\hibernate\hibernate-validator\4.2.0.Final\hibernate-validator-4.2.0.Final.jar;C:\Users\Marcelo\.m2\repository\org\hibernate\javax\persistence\hibernate-jpa-2.0-api\1.0.1.Final\hibernate-jpa-2.0-api-1.0.1.Final.jar;C:\Users\Marcelo\.m2\repository\org\primefaces\primefaces\3.1.1\primefaces-3.1.1.jar;C:\Users\Marcelo\.m2\repository\org\primefaces\themes\black-tie\1.0.3\black-tie-1.0.3.jar;C:\Users\Marcelo\.m2\repository\org\primefaces\themes\south-street\1.0.3\south-street-1.0.3.jar;C:\Users\Marcelo\.m2\repository\org\slf4j\jcl-over-slf4j\1.6.4\jcl-over-slf4j-1.6.4.jar;C:\Users\Marcelo\.m2\repository\org\slf4j\slf4j-api\1.6.4\slf4j-api-1.6.4.jar;C:\Users\Marcelo\.m2\repository\org\slf4j\slf4j-log4j12\1.6.4\slf4j-log4j12-1.6.4.jar;C:\Users\Marcelo\.m2\repository\org\springframework\spring-aop\3.1.1.RELEASE\spring-aop-3.1.1.RELEASE.jar;C:\Users\Marcelo\.m2\repository\org\springframework\spring-asm\3.1.1.RELEASE\spring-asm-3.1.1.RELEASE.jar;C:\Users\Marcelo\.m2\repository\org\springframework\spring-aspects\3.1.1.RELEASE\spring-aspects-3.1.1.RELEASE.jar;C:\Users\Marcelo\.m2\repository\org\springframework\spring-beans\3.1.1.RELEASE\spring-beans-3.1.1.RELEASE.jar;C:\Users\Marcelo\.m2\repository\org\springframework\spring-context\3.1.1.RELEASE\spring-context-3.1.1.RELEASE.jar;C:\Users\Marcelo\.m2\repository\org\springframework\spring-context-support\3.1.1.RELEASE\spring-context-support-3.1.1.RELEASE.jar;C:\Users\Marcelo\.m2\repository\org\springframework\spring-core\3.1.1.RELEASE\spring-core-3.1.1.RELEASE.jar;C:\Users\Marcelo\.m2\repository\org\springframework\spring-expression\3.1.1.RELEASE\spring-expression-3.1.1.RELEASE.jar;C:\Users\Marcelo\.m2\repository\org\springframework\spring-jdbc\3.1.1.RELEASE\spring-jdbc-3.1.1.RELEASE.jar;C:\Users\Marcelo\.m2\repository\org\springframework\spring-orm\3.1.1.RELEASE\spring-orm-3.1.1.RELEASE.jar;C:\Users\Marcelo\.m2\repository\org\springframework\spring-test\3.1.1.RELEASE\spring-test-3.1.1.RELEASE.jar;C:\Users\Marcelo\.m2\repository\org\springframework\spring-tx\3.1.1.RELEASE\spring-tx-3.1.1.RELEASE.jar;C:\Users\Marcelo\.m2\repository\org\springframework\spring-web\3.1.1.RELEASE\spring-web-3.1.1.RELEASE.jar;C:\Users\Marcelo\.m2\repository\org\springframework\roo\org.springframework.roo.annotations\1.2.2.RELEASE\org.springframework.roo.annotations-1.2.2.RELEASE.jar;C:\Users\Marcelo\.m2\repository\postgresql\postgresql\9.1-901.jdbc3\postgresql-9.1-901.jdbc3.jar;C:\Users\Marcelo\Documents\Workspace-Spring\ged\target\classes
-aspectpath
C:\Users\Marcelo\.m2\repository\org\springframework\spring-aspects\3.1.1.RELEASE\spring-aspects-3.1.1.RELEASE.jar
-d
C:\Users\Marcelo\Documents\Workspace-Spring\ged\target\classes
C:\Users\Marcelo\Documents\Workspace-Spring\ged\src\main\java\ged\web\LocalController.java
C:\Users\Marcelo\Documents\Workspace-Spring\ged\src\main\java\ged\web\PastaPropriedadesController_Roo_Serializable.aj
C:\Users\Marcelo\Documents\Workspace-Spring\ged\src\main\java\ged\domain\documentos\TipoDados.java
C:\Users\Marcelo\Documents\Workspace-Spring\ged\src\main\java\ged\domain\documentos\Pastas_Roo_Configurable.aj
C:\Users\Marcelo\Documents\Workspace-Spring\ged\src\main\java\ged\domain\documentos\DocumentoDetalhes_Roo_DbManaged.aj
C:\Users\Marcelo\Documents\Workspace-Spring\ged\src\main\java\ged\web\converter\PastaPropriedadesConverter.java
C:\Users\Marcelo\Documents\Workspace-Spring\ged\src\main\java\ged\domain\documentos\Localizador_Roo_Configurable.aj
C:\Users\Marcelo\Documents\Workspace-Spring\ged\src\main\java\ged\domain\documentos\TipoDados_Roo_Jpa_Entity.aj
C:\Users\Marcelo\Documents\Workspace-Spring\ged\src\main\java\ged\domain\documentos\DocumentoPropriedades.java
C:\Users\Marcelo\Documents\Workspace-Spring\ged\src\main\java\ged\domain\documentos\PastaGrupo_Roo_Jpa_Entity.aj
C:\Users\Marcelo\Documents\Workspace-Spring\ged\src\main\java\ged\domain\documentos\DocumentoDigital_Roo_ToString.aj
C:\Users\Marcelo\Documents\Workspace-Spring\ged\src\main\java\ged\web\LocalController_Roo_Serializable.aj
C:\Users\Marcelo\Documents\Workspace-Spring\ged\src\main\java\ged\web\converter\TipoDadosConverter_Roo_Configurable.aj
C:\Users\Marcelo\Documents\Workspace-Spring\ged\src\main\java\ged\domain\documentos\PastasRestricao_Roo_Configurable.aj
C:\Users\Marcelo\Documents\Workspace-Spring\ged\src\main\java\ged\domain\documentos\DocumentoGrupo.java
C:\Users\Marcelo\Documents\Workspace-Spring\ged\src\main\java\ged\web\PastaGrupoController_Roo_Serializable.aj
C:\Users\Marcelo\Documents\Workspace-Spring\ged\src\main\java\ged\web\PastaGrupoController_Roo_Configurable.aj
C:\Users\Marcelo\Documents\Workspace-Spring\ged\src\main\java\ged\domain\documentos\DocumentoAssunto.java
C:\Users\Marcelo\Documents\Workspace-Spring\ged\src\main\java\ged\web\PastaPropriedadesController_Roo_Configurable.aj
C:\Users\Marcelo\Documents\Workspace-Spring\ged\src\main\java\ged\web\converter\LocalConverter_Roo_Converter.aj
C:\Users\Marcelo\Documents\Workspace-Spring\ged\src\main\java\ged\web\PastaGrupoController.java
C:\Users\Marcelo\Documents\Workspace-Spring\ged\src\main\java\ged\web\converter\PastaPropriedadesConverter_Roo_Configurable.aj
C:\Users\Marcelo\Documents\Workspace-Spring\ged\src\main\java\ged\domain\documentos\TipoDados_Roo_Configurable.aj
C:\Users\Marcelo\Documents\Workspace-Spring\ged\src\main\java\ged\domain\documentos\Localizador_Roo_Jpa_ActiveRecord.aj
C:\Users\Marcelo\Documents\Workspace-Spring\ged\src\main\java\ged\domain\documentos\PastaGrupo.java
C:\Users\Marcelo\Documents\Workspace-Spring\ged\src\main\java\ged\domain\documentos\PastaPropriedades.java
C:\Users\Marcelo\Documents\Workspace-Spring\ged\src\main\java\ged\web\util\ViewExpiredExceptionExceptionHandlerFactory.java
C:\Users\Marcelo\Documents\Workspace-Spring\ged\src\main\java\ged\domain\documentos\Documentos.java
C:\Users\Marcelo\Documents\Workspace-Spring\ged\src\main\java\ged\domain\documentos\DocumentoTipo_Roo_Jpa_Entity.aj
C:\Users\Marcelo\Documents\Workspace-Spring\ged\src\main\java\ged\domain\documentos\PastasRestricao_Roo_DbManaged.aj
C:\Users\Marcelo\Documents\Workspace-Spring\ged\src\main\java\ged\domain\documentos\Pastas_Roo_Jpa_Entity.aj
C:\Users\Marcelo\Documents\Workspace-Spring\ged\src\main\java\ged\domain\documentos\DocumentoDetalhes_Roo_Configurable.aj
C:\Users\Marcelo\Documents\Workspace-Spring\ged\src\main\java\ged\domain\documentos\Assinaturas_Roo_Jpa_Entity.aj
C:\Users\Marcelo\Documents\Workspace-Spring\ged\src\main\java\ged\web\converter\LocalizadorConverter.java
C:\Users\Marcelo\Documents\Workspace-Spring\ged\src\main\java\ged\domain\documentos\Documentos_Roo_Configurable.aj
C:\Users\Marcelo\Documents\Workspace-Spring\ged\src\main\java\ged\domain\documentos\PastaRetirada_Roo_ToString.aj
C:\Users\Marcelo\Documents\Workspace-Spring\ged\src\main\java\ged\web\converter\TipoDadosConverter_Roo_Converter.aj
C:\Users\Marcelo\Documents\Workspace-Spring\ged\src\main\java\ged\web\converter\PastaPropriedadesConverter_Roo_Converter.aj
C:\Users\Marcelo\Documents\Workspace-Spring\ged\src\main\java\ged\web\PastasController.java
C:\Users\Marcelo\Documents\Workspace-Spring\ged\src\main\java\ged\domain\documentos\PastasRestricao_Roo_ToString.aj
C:\Users\Marcelo\Documents\Workspace-Spring\ged\src\main\java\ged\domain\documentos\TipoDados_Roo_ToString.aj
C:\Users\Marcelo\Documents\Workspace-Spring\ged\src\main\java\ged\domain\documentos\DocumentoAssunto_Roo_Jpa_ActiveRecord.aj
C:\Users\Marcelo\Documents\Workspace-Spring\ged\src\main\java\ged\domain\documentos\DocumentoAssinaturas.java
C:\Users\Marcelo\Documents\Workspace-Spring\ged\src\main\java\ged\web\util\ViewExpiredExceptionExceptionHandler.java
C:\Users\Marcelo\Documents\Workspace-Spring\ged\src\main\java\ged\web\converter\PastasConverter.java
C:\Users\Marcelo\Documents\Workspace-Spring\ged\src\main\java\ged\domain\documentos\DocumentoPropriedades_Roo_DbManaged.aj
C:\Users\Marcelo\Documents\Workspace-Spring\ged\src\main\java\ged\domain\documentos\DocumentoTipo_Roo_Configurable.aj
C:\Users\Marcelo\Documents\Workspace-Spring\ged\src\main\java\ged\domain\documentos\Localizador_Roo_ToString.aj
C:\Users\Marcelo\Documents\Workspace-Spring\ged\src\main\java\ged\domain\documentos\PastaGrupo_Roo_ToString.aj
C:\Users\Marcelo\Documents\Workspace-Spring\ged\src\main\java\ged\domain\documentos\PastaPropriedades_Roo_DbManaged.aj
C:\Users\Marcelo\Documents\Workspace-Spring\ged\src\main\java\ged\web\PastasController_Roo_ManagedBean.aj
C:\Users\Marcelo\Documents\Workspace-Spring\ged\src\main\java\ged\web\PastasController_Roo_Configurable.aj
C:\Users\Marcelo\Documents\Workspace-Spring\ged\src\main\java\ged\domain\documentos\PastaDetalhes_Roo_ToString.aj
C:\Users\Marcelo\Documents\Workspace-Spring\ged\src\main\java\ged\domain\documentos\PastaRetirada_Roo_Jpa_ActiveRecord.aj
C:\Users\Marcelo\Documents\Workspace-Spring\ged\src\main\java\ged\web\converter\PastaGrupoConverter_Roo_Converter.aj
C:\Users\Marcelo\Documents\Workspace-Spring\ged\src\main\java\ged\domain\documentos\DocumentoGrupo_Roo_Configurable.aj
C:\Users\Marcelo\Documents\Workspace-Spring\ged\src\main\java\ged\domain\documentos\PastaRetirada_Roo_Configurable.aj
C:\Users\Marcelo\Documents\Workspace-Spring\ged\src\main\java\ged\web\ApplicationBean_Roo_ApplicationBean.aj
C:\Users\Marcelo\Documents\Workspace-Spring\ged\src\main\java\ged\domain\documentos\Pastas_Roo_DbManaged.aj
C:\Users\Marcelo\Documents\Workspace-Spring\ged\src\main\java\ged\domain\documentos\DocumentoAssinaturas_Roo_Configurable.aj
C:\Users\Marcelo\Documents\Workspace-Spring\ged\src\main\java\ged\web\LocalizadorController_Roo_ManagedBean.aj
C:\Users\Marcelo\Documents\Workspace-Spring\ged\src\main\java\ged\domain\documentos\DocumentoAssunto_Roo_Configurable.aj
C:\Users\Marcelo\Documents\Workspace-Spring\ged\src\main\java\ged\domain\documentos\PastaPropriedades_Roo_ToString.aj
C:\Users\Marcelo\Documents\Workspace-Spring\ged\src\main\java\ged\domain\documentos\Documentos_Roo_Jpa_Entity.aj
C:\Users\Marcelo\Documents\Workspace-Spring\ged\src\main\java\ged\domain\documentos\PastaDetalhes_Roo_DbManaged.aj
C:\Users\Marcelo\Documents\Workspace-Spring\ged\src\main\java\ged\domain\documentos\Local_Roo_ToString.aj
C:\Users\Marcelo\Documents\Workspace-Spring\ged\src\main\java\ged\domain\documentos\PastaDetalhes.java
C:\Users\Marcelo\Documents\Workspace-Spring\ged\src\main\java\ged\domain\documentos\Localizador_Roo_Jpa_Entity.aj
C:\Users\Marcelo\Documents\Workspace-Spring\ged\src\main\java\ged\domain\documentos\DocumentoDetalhes.java
C:\Users\Marcelo\Documents\Workspace-Spring\ged\src\main\java\ged\domain\documentos\PastaDetalhes_Roo_Configurable.aj
C:\Users\Marcelo\Documents\Workspace-Spring\ged\src\main\java\ged\domain\documentos\Local_Roo_DbManaged.aj
C:\Users\Marcelo\Documents\Workspace-Spring\ged\src\main\java\ged\domain\documentos\Pastas_Roo_ToString.aj
C:\Users\Marcelo\Documents\Workspace-Spring\ged\src\main\java\ged\domain\documentos\DocumentoDigital_Roo_Jpa_ActiveRecord.aj
C:\Users\Marcelo\Documents\Workspace-Spring\ged\src\main\java\ged\web\LocalizadorController.java
C:\Users\Marcelo\Documents\Workspace-Spring\ged\src\main\java\ged\domain\documentos\Assinaturas.java
C:\Users\Marcelo\Documents\Workspace-Spring\ged\src\main\java\ged\domain\documentos\PastaDetalhes_Roo_Jpa_Entity.aj
C:\Users\Marcelo\Documents\Workspace-Spring\ged\src\main\java\ged\domain\documentos\DocumentoGrupo_Roo_DbManaged.aj
C:\Users\Marcelo\Documents\Workspace-Spring\ged\src\main\java\ged\domain\documentos\Assinaturas_Roo_Jpa_ActiveRecord.aj
C:\Users\Marcelo\Documents\Workspace-Spring\ged\src\main\java\ged\domain\documentos\DocumentoAssunto_Roo_Jpa_Entity.aj
C:\Users\Marcelo\Documents\Workspace-Spring\ged\src\main\java\ged\domain\documentos\Assinaturas_Roo_Configurable.aj
C:\Users\Marcelo\Documents\Workspace-Spring\ged\src\main\java\ged\domain\documentos\Local.java
C:\Users\Marcelo\Documents\Workspace-Spring\ged\src\main\java\ged\domain\documentos\PastasRestricao.java
C:\Users\Marcelo\Documents\Workspace-Spring\ged\src\main\java\ged\domain\documentos\PastaGrupo_Roo_Configurable.aj
C:\Users\Marcelo\Documents\Workspace-Spring\ged\src\main\java\ged\domain\documentos\PastasRestricao_Roo_Jpa_Entity.aj
C:\Users\Marcelo\Documents\Workspace-Spring\ged\src\main\java\ged\domain\documentos\Pastas.java
C:\Users\Marcelo\Documents\Workspace-Spring\ged\src\main\java\ged\web\util\LocaleBean.java
C:\Users\Marcelo\Documents\Workspace-Spring\ged\src\main\java\ged\domain\documentos\Pastas_Roo_Jpa_ActiveRecord.aj
C:\Users\Marcelo\Documents\Workspace-Spring\ged\src\main\java\ged\domain\documentos\Documentos_Roo_Jpa_ActiveRecord.aj
C:\Users\Marcelo\Documents\Workspace-Spring\ged\src\main\java\ged\domain\documentos\DocumentoAssunto_Roo_DbManaged.aj
C:\Users\Marcelo\Documents\Workspace-Spring\ged\src\main\java\ged\domain\documentos\PastaGrupo_Roo_DbManaged.aj
C:\Users\Marcelo\Documents\Workspace-Spring\ged\src\main\java\ged\domain\documentos\DocumentoAssinaturas_Roo_Jpa_Entity.aj
C:\Users\Marcelo\Documents\Workspace-Spring\ged\src\main\java\ged\domain\documentos\AssinaturaTipo_Roo_Jpa_Entity.aj
C:\Users\Marcelo\Documents\Workspace-Spring\ged\src\main\java\ged\domain\documentos\DocumentoGrupo_Roo_ToString.aj
C:\Users\Marcelo\Documents\Workspace-Spring\ged\src\main\java\ged\domain\documentos\AssinaturaTipo_Roo_Configurable.aj
C:\Users\Marcelo\Documents\Workspace-Spring\ged\src\main\java\ged\domain\documentos\Assinaturas_Roo_DbManaged.aj
C:\Users\Marcelo\Documents\Workspace-Spring\ged\src\main\java\ged\domain\documentos\PastasRestricao_Roo_Jpa_ActiveRecord.aj
C:\Users\Marcelo\Documents\Workspace-Spring\ged\src\main\java\ged\web\converter\LocalConverter_Roo_Configurable.aj
C:\Users\Marcelo\Documents\Workspace-Spring\ged\src\main\java\ged\domain\documentos\DocumentoTipo_Roo_ToString.aj
C:\Users\Marcelo\Documents\Workspace-Spring\ged\src\main\java\ged\domain\documentos\PastaPropriedades_Roo_Jpa_ActiveRecord.aj
C:\Users\Marcelo\Documents\Workspace-Spring\ged\src\main\java\ged\domain\documentos\DocumentoGrupo_Roo_Jpa_ActiveRecord.aj
C:\Users\Marcelo\Documents\Workspace-Spring\ged\src\main\java\ged\domain\documentos\PastaRetirada_Roo_Jpa_Entity.aj
C:\Users\Marcelo\Documents\Workspace-Spring\ged\src\main\java\ged\domain\documentos\PastaDetalhes_Roo_Jpa_ActiveRecord.aj
C:\Users\Marcelo\Documents\Workspace-Spring\ged\src\main\java\ged\web\ApplicationBean.java
C:\Users\Marcelo\Documents\Workspace-Spring\ged\src\main\java\ged\domain\documentos\Documentos_Roo_ToString.aj
C:\Users\Marcelo\Documents\Workspace-Spring\ged\src\main\java\ged\domain\documentos\Localizador.java
C:\Users\Marcelo\Documents\Workspace-Spring\ged\src\main\java\ged\domain\documentos\PastaPropriedades_Roo_Jpa_Entity.aj
C:\Users\Marcelo\Documents\Workspace-Spring\ged\src\main\java\ged\domain\documentos\DocumentoAssinaturas_Roo_Jpa_ActiveRecord.aj
C:\Users\Marcelo\Documents\Workspace-Spring\ged\src\main\java\ged\web\TipoDadosController.java
C:\Users\Marcelo\Documents\Workspace-Spring\ged\src\main\java\ged\web\LocalizadorController_Roo_Serializable.aj
C:\Users\Marcelo\Documents\Workspace-Spring\ged\src\main\java\ged\web\ApplicationBean_Roo_Configurable.aj
C:\Users\Marcelo\Documents\Workspace-Spring\ged\src\main\java\ged\domain\documentos\DocumentoDigital_Roo_Jpa_Entity.aj
C:\Users\Marcelo\Documents\Workspace-Spring\ged\src\main\java\ged\domain\documentos\AssinaturaTipo_Roo_ToString.aj
C:\Users\Marcelo\Documents\Workspace-Spring\ged\src\main\java\ged\domain\documentos\PastaRetirada.java
C:\Users\Marcelo\Documents\Workspace-Spring\ged\src\main\java\ged\web\converter\LocalConverter.java
C:\Users\Marcelo\Documents\Workspace-Spring\ged\src\main\java\ged\domain\documentos\AssinaturaTipo.java
C:\Users\Marcelo\Documents\Workspace-Spring\ged\src\main\java\ged\web\converter\LocalizadorConverter_Roo_Converter.aj
C:\Users\Marcelo\Documents\Workspace-Spring\ged\src\main\java\ged\domain\documentos\DocumentoTipo_Roo_DbManaged.aj
C:\Users\Marcelo\Documents\Workspace-Spring\ged\src\main\java\ged\domain\documentos\PastaPropriedades_Roo_Configurable.aj
C:\Users\Marcelo\Documents\Workspace-Spring\ged\src\main\java\ged\domain\documentos\Local_Roo_Configurable.aj
C:\Users\Marcelo\Documents\Workspace-Spring\ged\src\main\java\ged\web\PastaPropriedadesController.java
C:\Users\Marcelo\Documents\Workspace-Spring\ged\src\main\java\ged\domain\documentos\DocumentoPropriedades_Roo_ToString.aj
C:\Users\Marcelo\Documents\Workspace-Spring\ged\src\main\java\ged\web\converter\PastasConverter_Roo_Configurable.aj
C:\Users\Marcelo\Documents\Workspace-Spring\ged\src\main\java\ged\domain\documentos\PastaGrupo_Roo_Jpa_ActiveRecord.aj
C:\Users\Marcelo\Documents\Workspace-Spring\ged\src\main\java\ged\web\PastaGrupoController_Roo_ManagedBean.aj
C:\Users\Marcelo\Documents\Workspace-Spring\ged\src\main\java\ged\domain\documentos\Local_Roo_Jpa_Entity.aj
C:\Users\Marcelo\Documents\Workspace-Spring\ged\src\main\java\ged\web\TipoDadosController_Roo_Configurable.aj
C:\Users\Marcelo\Documents\Workspace-Spring\ged\src\main\java\ged\domain\documentos\Assinaturas_Roo_ToString.aj
C:\Users\Marcelo\Documents\Workspace-Spring\ged\src\main\java\ged\web\PastaPropriedadesController_Roo_ManagedBean.aj
C:\Users\Marcelo\Documents\Workspace-Spring\ged\src\main\java\ged\domain\documentos\PastaRetirada_Roo_DbManaged.aj
C:\Users\Marcelo\Documents\Workspace-Spring\ged\src\main\java\ged\domain\documentos\AssinaturaTipo_Roo_Jpa_ActiveRecord.aj
C:\Users\Marcelo\Documents\Workspace-Spring\ged\src\main\java\ged\domain\documentos\DocumentoDetalhes_Roo_Jpa_Entity.aj
C:\Users\Marcelo\Documents\Workspace-Spring\ged\src\main\java\ged\domain\documentos\Documentos_Roo_DbManaged.aj
C:\Users\Marcelo\Documents\Workspace-Spring\ged\src\main\java\ged\domain\documentos\DocumentoDigital.java
C:\Users\Marcelo\Documents\Workspace-Spring\ged\src\main\java\ged\web\LocalizadorController_Roo_Configurable.aj
C:\Users\Marcelo\Documents\Workspace-Spring\ged\src\main\java\ged\domain\documentos\DocumentoPropriedades_Roo_Configurable.aj
C:\Users\Marcelo\Documents\Workspace-Spring\ged\src\main\java\ged\domain\documentos\TipoDados_Roo_DbManaged.aj
C:\Users\Marcelo\Documents\Workspace-Spring\ged\src\main\java\ged\web\TipoDadosController_Roo_ManagedBean.aj
C:\Users\Marcelo\Documents\Workspace-Spring\ged\src\main\java\ged\domain\documentos\DocumentoDetalhes_Roo_ToString.aj
C:\Users\Marcelo\Documents\Workspace-Spring\ged\src\main\java\ged\domain\documentos\DocumentoAssinaturas_Roo_DbManaged.aj
C:\Users\Marcelo\Documents\Workspace-Spring\ged\src\main\java\ged\web\LocalController_Roo_ManagedBean.aj
C:\Users\Marcelo\Documents\Workspace-Spring\ged\src\main\java\ged\web\LocalController_Roo_Configurable.aj
C:\Users\Marcelo\Documents\Workspace-Spring\ged\src\main\java\ged\domain\documentos\DocumentoGrupo_Roo_Jpa_Entity.aj
C:\Users\Marcelo\Documents\Workspace-Spring\ged\src\main\java\ged\domain\documentos\DocumentoAssinaturas_Roo_ToString.aj
C:\Users\Marcelo\Documents\Workspace-Spring\ged\src\main\java\ged\web\converter\TipoDadosConverter.java
C:\Users\Marcelo\Documents\Workspace-Spring\ged\src\main\java\ged\web\converter\PastaGrupoConverter_Roo_Configurable.aj
C:\Users\Marcelo\Documents\Workspace-Spring\ged\src\main\java\ged\web\converter\PastaGrupoConverter.java
C:\Users\Marcelo\Documents\Workspace-Spring\ged\src\main\java\ged\web\converter\LocalizadorConverter_Roo_Configurable.aj
C:\Users\Marcelo\Documents\Workspace-Spring\ged\src\main\java\ged\web\converter\PastasConverter_Roo_Converter.aj
C:\Users\Marcelo\Documents\Workspace-Spring\ged\src\main\java\ged\domain\documentos\DocumentoDigital_Roo_DbManaged.aj
C:\Users\Marcelo\Documents\Workspace-Spring\ged\src\main\java\ged\domain\documentos\DocumentoPropriedades_Roo_Jpa_Entity.aj
C:\Users\Marcelo\Documents\Workspace-Spring\ged\src\main\java\ged\domain\documentos\DocumentoTipo.java
C:\Users\Marcelo\Documents\Workspace-Spring\ged\src\main\java\ged\domain\documentos\TipoDados_Roo_Jpa_ActiveRecord.aj
C:\Users\Marcelo\Documents\Workspace-Spring\ged\src\main\java\ged\domain\documentos\DocumentoAssunto_Roo_ToString.aj
C:\Users\Marcelo\Documents\Workspace-Spring\ged\src\main\java\ged\domain\documentos\DocumentoDigital_Roo_Configurable.aj
C:\Users\Marcelo\Documents\Workspace-Spring\ged\src\main\java\ged\web\TipoDadosController_Roo_Serializable.aj
C:\Users\Marcelo\Documents\Workspace-Spring\ged\src\main\java\ged\domain\documentos\DocumentoPropriedades_Roo_Jpa_ActiveRecord.aj
C:\Users\Marcelo\Documents\Workspace-Spring\ged\src\main\java\ged\web\PastasController_Roo_Serializable.aj
C:\Users\Marcelo\Documents\Workspace-Spring\ged\src\main\java\ged\domain\documentos\Localizador_Roo_DbManaged.aj
C:\Users\Marcelo\Documents\Workspace-Spring\ged\src\main\java\ged\domain\documentos\AssinaturaTipo_Roo_DbManaged.aj
C:\Users\Marcelo\Documents\Workspace-Spring\ged\src\main\java\ged\domain\documentos\Local_Roo_Jpa_ActiveRecord.aj
C:\Users\Marcelo\Documents\Workspace-Spring\ged\src\main\java\ged\domain\documentos\DocumentoTipo_Roo_Jpa_ActiveRecord.aj
C:\Users\Marcelo\Documents\Workspace-Spring\ged\src\main\java\ged\domain\documentos\DocumentoDetalhes_Roo_Jpa_ActiveRecord.aj
